2015-04-10 08:53:11.279+0000 INFO  [o.n.s.CommunityNeoServer]: Setting startup timeout to: 120000ms based on 120000
2015-04-10 08:53:11.451+0000 INFO  [o.n.k.InternalAbstractGraphDatabase]: No locking implementation specified, defaulting to 'community'
2015-04-10 08:53:11.482+0000 INFO  [o.n.k.i.DiagnosticsManager]: --- INITIALIZED diagnostics START ---
2015-04-10 08:53:11.482+0000 INFO  [o.n.k.i.DiagnosticsManager]: Neo4j Kernel properties:
2015-04-10 08:53:11.498+0000 INFO  [o.n.k.i.DiagnosticsManager]: store_dir=C:\Users\Sergio\Desktop\DC
2015-04-10 08:53:11.498+0000 INFO  [o.n.k.i.DiagnosticsManager]: remote_shell_enabled=true
2015-04-10 08:53:11.498+0000 INFO  [o.n.k.i.DiagnosticsManager]: Diagnostics providers:
2015-04-10 08:53:11.498+0000 INFO  [o.n.k.i.DiagnosticsManager]: org.neo4j.kernel.configuration.Config
2015-04-10 08:53:11.498+0000 INFO  [o.n.k.i.DiagnosticsManager]: org.neo4j.kernel.info.DiagnosticsManager
2015-04-10 08:53:11.498+0000 INFO  [o.n.k.i.DiagnosticsManager]: SYSTEM_MEMORY
2015-04-10 08:53:11.498+0000 INFO  [o.n.k.i.DiagnosticsManager]: JAVA_MEMORY
2015-04-10 08:53:11.498+0000 INFO  [o.n.k.i.DiagnosticsManager]: OPERATING_SYSTEM
2015-04-10 08:53:11.498+0000 INFO  [o.n.k.i.DiagnosticsManager]: JAVA_VIRTUAL_MACHINE
2015-04-10 08:53:11.498+0000 INFO  [o.n.k.i.DiagnosticsManager]: CLASSPATH
2015-04-10 08:53:11.498+0000 INFO  [o.n.k.i.DiagnosticsManager]: LIBRARY_PATH
2015-04-10 08:53:11.498+0000 INFO  [o.n.k.i.DiagnosticsManager]: SYSTEM_PROPERTIES
2015-04-10 08:53:11.498+0000 INFO  [o.n.k.i.DiagnosticsManager]: NETWORK
2015-04-10 08:53:11.498+0000 INFO  [o.n.k.i.DiagnosticsManager]: System memory information:
2015-04-10 08:53:11.498+0000 INFO  [o.n.k.i.DiagnosticsManager]: Total Physical memory: 4,00 GB
2015-04-10 08:53:11.498+0000 INFO  [o.n.k.i.DiagnosticsManager]: Free Physical memory: 4,00 GB
2015-04-10 08:53:11.498+0000 INFO  [o.n.k.i.DiagnosticsManager]: Committed virtual memory: 196,74 MB
2015-04-10 08:53:11.498+0000 INFO  [o.n.k.i.DiagnosticsManager]: Total swap space: 4,00 GB
2015-04-10 08:53:11.498+0000 INFO  [o.n.k.i.DiagnosticsManager]: Free swap space: 4,00 GB
2015-04-10 08:53:11.498+0000 INFO  [o.n.k.i.DiagnosticsManager]: JVM memory information:
2015-04-10 08:53:11.498+0000 INFO  [o.n.k.i.DiagnosticsManager]: Free  memory: 29,46 MB
2015-04-10 08:53:11.498+0000 INFO  [o.n.k.i.DiagnosticsManager]: Total memory: 68,25 MB
2015-04-10 08:53:11.498+0000 INFO  [o.n.k.i.DiagnosticsManager]: Max   memory: 247,50 MB
2015-04-10 08:53:11.498+0000 INFO  [o.n.k.i.DiagnosticsManager]: Garbage Collector: Copy: [Eden Space, Survivor Space]
2015-04-10 08:53:11.498+0000 INFO  [o.n.k.i.DiagnosticsManager]: Garbage Collector: MarkSweepCompact: [Eden Space, Survivor Space, Tenured Gen, Perm Gen]
2015-04-10 08:53:11.498+0000 INFO  [o.n.k.i.DiagnosticsManager]: Memory Pool: Code Cache (Non-heap memory): committed=1,66 MB, used=1,65 MB, max=32,00 MB, threshold=0,00 B
2015-04-10 08:53:11.498+0000 INFO  [o.n.k.i.DiagnosticsManager]: Memory Pool: Eden Space (Heap memory): committed=18,94 MB, used=10,59 MB, max=68,31 MB, threshold=?
2015-04-10 08:53:11.498+0000 INFO  [o.n.k.i.DiagnosticsManager]: Memory Pool: Survivor Space (Heap memory): committed=2,31 MB, used=0,00 B, max=8,50 MB, threshold=?
2015-04-10 08:53:11.498+0000 INFO  [o.n.k.i.DiagnosticsManager]: Memory Pool: Tenured Gen (Heap memory): committed=47,00 MB, used=28,20 MB, max=170,69 MB, threshold=0,00 B
2015-04-10 08:53:11.498+0000 INFO  [o.n.k.i.DiagnosticsManager]: Memory Pool: Perm Gen (Non-heap memory): committed=14,50 MB, used=14,34 MB, max=64,00 MB, threshold=0,00 B
2015-04-10 08:53:11.498+0000 INFO  [o.n.k.i.DiagnosticsManager]: Operating system information:
2015-04-10 08:53:11.498+0000 INFO  [o.n.k.i.DiagnosticsManager]: Operating System: Windows 8; version: 6.2; arch: x86; cpus: 8
2015-04-10 08:53:11.498+0000 INFO  [o.n.k.i.DiagnosticsManager]: Process id: 42300@Sergio-PC
2015-04-10 08:53:11.498+0000 INFO  [o.n.k.i.DiagnosticsManager]: Byte order: LITTLE_ENDIAN
2015-04-10 08:53:11.498+0000 INFO  [o.n.k.i.DiagnosticsManager]: Local timezone: Europe/Paris
2015-04-10 08:53:11.498+0000 INFO  [o.n.k.i.DiagnosticsManager]: JVM information:
2015-04-10 08:53:11.498+0000 INFO  [o.n.k.i.DiagnosticsManager]: VM Name: Java HotSpot(TM) Client VM
2015-04-10 08:53:11.498+0000 INFO  [o.n.k.i.DiagnosticsManager]: VM Vendor: Oracle Corporation
2015-04-10 08:53:11.498+0000 INFO  [o.n.k.i.DiagnosticsManager]: VM Version: 24.45-b08
2015-04-10 08:53:11.498+0000 INFO  [o.n.k.i.DiagnosticsManager]: JIT compiler: HotSpot Client Compiler
2015-04-10 08:53:11.498+0000 INFO  [o.n.k.i.DiagnosticsManager]: VM Arguments: [-Dexe4j.semaphoreName=Local\c:_program_files_(x86)_neo4j_community_bin_neo4j-community.exe, -Dexe4j.isInstall4j=true, -Dexe4j.moduleName=C:\Program Files (x86)\Neo4j Community\bin\neo4j-community.exe, -Dexe4j.processCommFile=C:\Users\Sergio\AppData\Local\Temp\e4j_p42300.tmp, -Dexe4j.tempDir=, -Dexe4j.unextractedPosition=0, -Djava.library.path=C:\Program Files (x86)\NVIDIA Corporation\PhysX\Common;C:\ProgramData\Oracle\Java\javapath;C:\Program Files (x86)\Intel\iCLS Client\;C:\Program Files\Intel\iCLS Client\;C:\Windows\system32;C:\Windows;C:\Windows\System32\Wbem;C:\Windows\System32\WindowsPowerShell\v1.0\;C:\Program Files\Intel\Intel(R) Management Engine Components\DAL;C:\Program Files\Intel\Intel(R) Management Engine Components\IPT;C:\Program Files (x86)\Intel\Intel(R) Management Engine Components\DAL;C:\Program Files (x86)\Intel\Intel(R) Management Engine Components\IPT;C:\Program Files (x86)\Windows Kits\8.1\Windows Performance Toolkit\;C:\Program Files\Microsoft SQL Server\110\Tools\Binn\;C:\Program Files\Apache Software Foundation\apache-maven-3.3.1\bin;C:\Program Files\Java\jdk1.8.0_40\bin;C:\Program Files (x86)\Skype\Phone\;c:\program files (x86)\neo4j community\jre\bin, -Dexe4j.consoleCodepage=cp0, -Dinstall4j.launcherId=24, -Dinstall4j.swt=false]
2015-04-10 08:53:11.498+0000 INFO  [o.n.k.i.DiagnosticsManager]: Java classpath:
2015-04-10 08:53:11.498+0000 INFO  [o.n.k.i.DiagnosticsManager]:  [bootstrap] C:\Program Files (x86)\Neo4j Community\jre\classes
2015-04-10 08:53:11.498+0000 INFO  [o.n.k.i.DiagnosticsManager]:  [classpath] C:\Program Files (x86)\Neo4j Community\.install4j\i4jruntime.jar
2015-04-10 08:53:11.498+0000 INFO  [o.n.k.i.DiagnosticsManager]:  [loader.1] file:/C:/Program%20Files%20(x86)/Neo4j%20Community/jre/lib/ext/sunmscapi.jar
2015-04-10 08:53:11.498+0000 INFO  [o.n.k.i.DiagnosticsManager]:  [loader.1] file:/C:/Program%20Files%20(x86)/Neo4j%20Community/jre/lib/ext/access-bridge-32.jar
2015-04-10 08:53:11.498+0000 INFO  [o.n.k.i.DiagnosticsManager]:  [bootstrap] C:\Program Files (x86)\Neo4j Community\jre\lib\resources.jar
2015-04-10 08:53:11.498+0000 INFO  [o.n.k.i.DiagnosticsManager]:  [loader.1] file:/C:/Program%20Files%20(x86)/Neo4j%20Community/jre/lib/ext/sunjce_provider.jar
2015-04-10 08:53:11.498+0000 INFO  [o.n.k.i.DiagnosticsManager]:  [loader.1] file:/C:/Program%20Files%20(x86)/Neo4j%20Community/jre/lib/ext/sunec.jar
2015-04-10 08:53:11.498+0000 INFO  [o.n.k.i.DiagnosticsManager]:  [loader.0] file:/C:/Program%20Files%20(x86)/Neo4j%20Community/bin/
2015-04-10 08:53:11.498+0000 INFO  [o.n.k.i.DiagnosticsManager]:  [loader.0] file:/C:/Program%20Files%20(x86)/Neo4j%20Community/.install4j/i4jruntime.jar
2015-04-10 08:53:11.498+0000 INFO  [o.n.k.i.DiagnosticsManager]:  [bootstrap] C:\Program Files (x86)\Neo4j Community\jre\lib\jce.jar
2015-04-10 08:53:11.498+0000 INFO  [o.n.k.i.DiagnosticsManager]:  [classpath] C:\Program Files (x86)\Neo4j Community\bin\neo4j-desktop-2.2.0.jar
2015-04-10 08:53:11.498+0000 INFO  [o.n.k.i.DiagnosticsManager]:  [loader.1] file:/C:/Program%20Files%20(x86)/Neo4j%20Community/jre/lib/ext/jaccess.jar
2015-04-10 08:53:11.498+0000 INFO  [o.n.k.i.DiagnosticsManager]:  [loader.1] file:/C:/Program%20Files%20(x86)/Neo4j%20Community/jre/lib/ext/zipfs.jar
2015-04-10 08:53:11.498+0000 INFO  [o.n.k.i.DiagnosticsManager]:  [loader.1] file:/C:/Program%20Files%20(x86)/Neo4j%20Community/jre/lib/ext/localedata.jar
2015-04-10 08:53:11.498+0000 INFO  [o.n.k.i.DiagnosticsManager]:  [loader.1] file:/C:/Program%20Files%20(x86)/Neo4j%20Community/jre/lib/ext/dnsns.jar
2015-04-10 08:53:11.498+0000 INFO  [o.n.k.i.DiagnosticsManager]:  [bootstrap] C:\Program Files (x86)\Neo4j Community\jre\lib\sunrsasign.jar
2015-04-10 08:53:11.498+0000 INFO  [o.n.k.i.DiagnosticsManager]:  [loader.0] file:/C:/Program%20Files%20(x86)/Neo4j%20Community/bin/neo4j-desktop-2.2.0.jar
2015-04-10 08:53:11.498+0000 INFO  [o.n.k.i.DiagnosticsManager]:  [bootstrap] C:\Program Files (x86)\Neo4j Community\jre\lib\charsets.jar
2015-04-10 08:53:11.498+0000 INFO  [o.n.k.i.DiagnosticsManager]:  [bootstrap] C:\Program Files (x86)\Neo4j Community\jre\lib\jsse.jar
2015-04-10 08:53:11.498+0000 INFO  [o.n.k.i.DiagnosticsManager]:  [loader.1] file:/C:/Program%20Files%20(x86)/Neo4j%20Community/jre/lib/ext/sunpkcs11.jar
2015-04-10 08:53:11.498+0000 INFO  [o.n.k.i.DiagnosticsManager]:  [bootstrap] C:\Program Files (x86)\Neo4j Community\jre\lib\rt.jar
2015-04-10 08:53:11.498+0000 INFO  [o.n.k.i.DiagnosticsManager]:  [bootstrap] C:\Program Files (x86)\Neo4j Community\jre\lib\jfr.jar
2015-04-10 08:53:11.498+0000 INFO  [o.n.k.i.DiagnosticsManager]: Library path:
2015-04-10 08:53:11.498+0000 INFO  [o.n.k.i.DiagnosticsManager]: C:\Program Files (x86)\NVIDIA Corporation\PhysX\Common
2015-04-10 08:53:11.498+0000 INFO  [o.n.k.i.DiagnosticsManager]: C:\ProgramData\Oracle\Java\javapath
2015-04-10 08:53:11.498+0000 INFO  [o.n.k.i.DiagnosticsManager]: C:\Program Files (x86)\Intel\iCLS Client
2015-04-10 08:53:11.498+0000 INFO  [o.n.k.i.DiagnosticsManager]: C:\Program Files\Intel\iCLS Client
2015-04-10 08:53:11.498+0000 INFO  [o.n.k.i.DiagnosticsManager]: C:\Windows\System32
2015-04-10 08:53:11.498+0000 INFO  [o.n.k.i.DiagnosticsManager]: C:\Windows
2015-04-10 08:53:11.498+0000 INFO  [o.n.k.i.DiagnosticsManager]: C:\Windows\System32\wbem
2015-04-10 08:53:11.498+0000 INFO  [o.n.k.i.DiagnosticsManager]: C:\Windows\System32\WindowsPowerShell\v1.0
2015-04-10 08:53:11.498+0000 INFO  [o.n.k.i.DiagnosticsManager]: C:\Program Files\Intel\Intel(R) Management Engine Components\DAL
2015-04-10 08:53:11.498+0000 INFO  [o.n.k.i.DiagnosticsManager]: C:\Program Files\Intel\Intel(R) Management Engine Components\IPT
2015-04-10 08:53:11.498+0000 INFO  [o.n.k.i.DiagnosticsManager]: C:\Program Files (x86)\Intel\Intel(R) Management Engine Components\DAL
2015-04-10 08:53:11.498+0000 INFO  [o.n.k.i.DiagnosticsManager]: C:\Program Files (x86)\Intel\Intel(R) Management Engine Components\IPT
2015-04-10 08:53:11.498+0000 INFO  [o.n.k.i.DiagnosticsManager]: C:\Program Files (x86)\Windows Kits\8.1\Windows Performance Toolkit
2015-04-10 08:53:11.498+0000 INFO  [o.n.k.i.DiagnosticsManager]: C:\Program Files\Microsoft SQL Server\110\Tools\Binn
2015-04-10 08:53:11.498+0000 INFO  [o.n.k.i.DiagnosticsManager]: C:\Program Files\Apache Software Foundation\apache-maven-3.3.1\bin
2015-04-10 08:53:11.498+0000 INFO  [o.n.k.i.DiagnosticsManager]: C:\Program Files\Java\jdk1.8.0_40\bin
2015-04-10 08:53:11.498+0000 INFO  [o.n.k.i.DiagnosticsManager]: C:\Program Files (x86)\Skype\Phone
2015-04-10 08:53:11.498+0000 INFO  [o.n.k.i.DiagnosticsManager]: C:\Program Files (x86)\Neo4j Community\jre\bin
2015-04-10 08:53:11.498+0000 INFO  [o.n.k.i.DiagnosticsManager]: System.properties:
2015-04-10 08:53:11.498+0000 INFO  [o.n.k.i.DiagnosticsManager]: exe4j.moduleName = C:\Program Files (x86)\Neo4j Community\bin\neo4j-community.exe
2015-04-10 08:53:11.498+0000 INFO  [o.n.k.i.DiagnosticsManager]: exe4j.processCommFile = C:\Users\Sergio\AppData\Local\Temp\e4j_p42300.tmp
2015-04-10 08:53:11.498+0000 INFO  [o.n.k.i.DiagnosticsManager]: exe4j.semaphoreName = Local\c:_program_files_(x86)_neo4j_community_bin_neo4j-community.exe
2015-04-10 08:53:11.498+0000 INFO  [o.n.k.i.DiagnosticsManager]: sun.boot.library.path = c:\program files (x86)\neo4j community\jre\bin
2015-04-10 08:53:11.498+0000 INFO  [o.n.k.i.DiagnosticsManager]: exe4j.consoleCodepage = cp0
2015-04-10 08:53:11.498+0000 INFO  [o.n.k.i.DiagnosticsManager]: path.separator = ;
2015-04-10 08:53:11.498+0000 INFO  [o.n.k.i.DiagnosticsManager]: file.encoding.pkg = sun.io
2015-04-10 08:53:11.498+0000 INFO  [o.n.k.i.DiagnosticsManager]: user.country = ES
2015-04-10 08:53:11.498+0000 INFO  [o.n.k.i.DiagnosticsManager]: user.script = 
2015-04-10 08:53:11.498+0000 INFO  [o.n.k.i.DiagnosticsManager]: sun.os.patch.level = 
2015-04-10 08:53:11.498+0000 INFO  [o.n.k.i.DiagnosticsManager]: install4j.exeDir = C:\Program Files (x86)\Neo4j Community\bin\
2015-04-10 08:53:11.498+0000 INFO  [o.n.k.i.DiagnosticsManager]: user.dir = C:\Program Files (x86)\Neo4j Community\bin
2015-04-10 08:53:11.498+0000 INFO  [o.n.k.i.DiagnosticsManager]: neo4j.ext.udc.source = desktop
2015-04-10 08:53:11.498+0000 INFO  [o.n.k.i.DiagnosticsManager]: user.variant = 
2015-04-10 08:53:11.498+0000 INFO  [o.n.k.i.DiagnosticsManager]: exe4j.tempDir = 
2015-04-10 08:53:11.498+0000 INFO  [o.n.k.i.DiagnosticsManager]: sun.jnu.encoding = Cp1252
2015-04-10 08:53:11.498+0000 INFO  [o.n.k.i.DiagnosticsManager]: sun.awt.enableExtraMouseButtons = true
2015-04-10 08:53:11.498+0000 INFO  [o.n.k.i.DiagnosticsManager]: install4j.launcherId = 24
2015-04-10 08:53:11.498+0000 INFO  [o.n.k.i.DiagnosticsManager]: sun.management.compiler = HotSpot Client Compiler
2015-04-10 08:53:11.498+0000 INFO  [o.n.k.i.DiagnosticsManager]: exe4j.isInstall4j = true
2015-04-10 08:53:11.498+0000 INFO  [o.n.k.i.DiagnosticsManager]: install4j.swt = false
2015-04-10 08:53:11.498+0000 INFO  [o.n.k.i.DiagnosticsManager]: user.home = C:\Users\Sergio
2015-04-10 08:53:11.498+0000 INFO  [o.n.k.i.DiagnosticsManager]: user.timezone = Europe/Paris
2015-04-10 08:53:11.498+0000 INFO  [o.n.k.i.DiagnosticsManager]: file.encoding = Cp1252
2015-04-10 08:53:11.498+0000 INFO  [o.n.k.i.DiagnosticsManager]: user.name = Sergio
2015-04-10 08:53:11.498+0000 INFO  [o.n.k.i.DiagnosticsManager]: sun.java.command = C:\Program Files (x86)\Neo4j Community\bin\neo4j-community.exe
2015-04-10 08:53:11.498+0000 INFO  [o.n.k.i.DiagnosticsManager]: sun.arch.data.model = 32
2015-04-10 08:53:11.498+0000 INFO  [o.n.k.i.DiagnosticsManager]: exe4j.launchName = C:\Program Files (x86)\Neo4j Community\bin\neo4j-community.exe
2015-04-10 08:53:11.498+0000 INFO  [o.n.k.i.DiagnosticsManager]: user.language = es
2015-04-10 08:53:11.498+0000 INFO  [o.n.k.i.DiagnosticsManager]: awt.toolkit = sun.awt.windows.WToolkit
2015-04-10 08:53:11.498+0000 INFO  [o.n.k.i.DiagnosticsManager]: exe4j.unextractedPosition = 0
2015-04-10 08:53:11.498+0000 INFO  [o.n.k.i.DiagnosticsManager]: install4j.appDir = C:\Program Files (x86)\Neo4j Community\
2015-04-10 08:53:11.498+0000 INFO  [o.n.k.i.DiagnosticsManager]: file.separator = \
2015-04-10 08:53:11.498+0000 INFO  [o.n.k.i.DiagnosticsManager]: sun.io.unicode.encoding = UnicodeLittle
2015-04-10 08:53:11.498+0000 INFO  [o.n.k.i.DiagnosticsManager]: sun.cpu.endian = little
2015-04-10 08:53:11.498+0000 INFO  [o.n.k.i.DiagnosticsManager]: sun.desktop = windows
2015-04-10 08:53:11.498+0000 INFO  [o.n.k.i.DiagnosticsManager]: sun.cpu.isalist = pentium_pro+mmx pentium_pro pentium+mmx pentium i486 i386 i86
2015-04-10 08:53:11.498+0000 INFO  [o.n.k.i.DiagnosticsManager]: Network information:
2015-04-10 08:53:11.514+0000 INFO  [o.n.k.i.DiagnosticsManager]: Interface Software Loopback Interface 1:
2015-04-10 08:53:11.514+0000 INFO  [o.n.k.i.DiagnosticsManager]:     address: 127.0.0.1
2015-04-10 08:53:11.514+0000 INFO  [o.n.k.i.DiagnosticsManager]:     address: 0:0:0:0:0:0:0:1
2015-04-10 08:53:11.514+0000 INFO  [o.n.k.i.DiagnosticsManager]: Interface Adaptador de red de depuración de kernel de Microsoft:
2015-04-10 08:53:11.514+0000 INFO  [o.n.k.i.DiagnosticsManager]: Interface Conexión Ethernet Intel(R) I217-V:
2015-04-10 08:53:11.514+0000 INFO  [o.n.k.i.DiagnosticsManager]:     address: 192.168.0.10
2015-04-10 08:53:11.514+0000 INFO  [o.n.k.i.DiagnosticsManager]:     address: fe80:0:0:0:81f1:21b0:238c:91ef%3
2015-04-10 08:53:11.514+0000 INFO  [o.n.k.i.DiagnosticsManager]: Interface Conexión de red Gigabit Intel(R) I210:
2015-04-10 08:53:11.514+0000 INFO  [o.n.k.i.DiagnosticsManager]:     address: fe80:0:0:0:e129:5d91:f81d:dbcc%4
2015-04-10 08:53:11.514+0000 INFO  [o.n.k.i.DiagnosticsManager]: Interface Adaptador ISATAP de Microsoft:
2015-04-10 08:53:11.514+0000 INFO  [o.n.k.i.DiagnosticsManager]:     address: fe80:0:0:0:0:5efe:c0a8:a%5
2015-04-10 08:53:11.514+0000 INFO  [o.n.k.i.DiagnosticsManager]: Interface Teredo Tunneling Pseudo-Interface:
2015-04-10 08:53:11.514+0000 INFO  [o.n.k.i.DiagnosticsManager]:     address: 2001:0:9d38:6ab8:20e5:168f:aa67:59e6
2015-04-10 08:53:11.514+0000 INFO  [o.n.k.i.DiagnosticsManager]:     address: fe80:0:0:0:20e5:168f:aa67:59e6%6
2015-04-10 08:53:11.514+0000 INFO  [o.n.k.i.DiagnosticsManager]: Interface Microsoft Hyper-V Network Switch Default Miniport:
2015-04-10 08:53:11.514+0000 INFO  [o.n.k.i.DiagnosticsManager]: Interface Conexión Ethernet Intel(R) I217-V-WFP Native MAC Layer LightWeight Filter-0000:
2015-04-10 08:53:11.514+0000 INFO  [o.n.k.i.DiagnosticsManager]: Interface Conexión Ethernet Intel(R) I217-V-QoS Packet Scheduler-0000:
2015-04-10 08:53:11.514+0000 INFO  [o.n.k.i.DiagnosticsManager]: Interface Conexión Ethernet Intel(R) I217-V-WFP 802.3 MAC Layer LightWeight Filter-0000:
2015-04-10 08:53:11.514+0000 INFO  [o.n.k.i.DiagnosticsManager]: Interface Conexión de red Gigabit Intel(R) I210-WFP Native MAC Layer LightWeight Filter-0000:
2015-04-10 08:53:11.514+0000 INFO  [o.n.k.i.DiagnosticsManager]: Interface Conexión de red Gigabit Intel(R) I210-QoS Packet Scheduler-0000:
2015-04-10 08:53:11.514+0000 INFO  [o.n.k.i.DiagnosticsManager]: Interface Conexión de red Gigabit Intel(R) I210-WFP 802.3 MAC Layer LightWeight Filter-0000:
2015-04-10 08:53:11.514+0000 INFO  [o.n.k.i.DiagnosticsManager]: --- INITIALIZED diagnostics END ---
2015-04-10 08:53:11.560+0000 INFO  [o.n.k.i.s.StoreFactory]: Creating new db @ C:\Users\Sergio\Desktop\DC\neostore
2015-04-10 08:53:16.811+0000 INFO  [o.n.k.a.i.i.LuceneLabelScanStore]: No lucene scan store index found, this might just be first use. Preparing to rebuild.
2015-04-10 08:53:16.842+0000 INFO  [o.n.k.a.i.i.LuceneLabelScanStore]: No lucene scan store index found, this might just be first use. Preparing to rebuild.
2015-04-10 08:53:16.935+0000 INFO  [o.n.k.NeoStoreDataSource]: Opened logical log [C:\Users\Sergio\Desktop\DC\neostore.transaction.db.0] version=0, lastTxId=1 (clean)
2015-04-10 08:53:16.950+0000 WARN  [o.n.k.i.s.StoreFactory]: Missing counts store, rebuilding it.
2015-04-10 08:53:17.072+0000 INFO  [o.n.k.a.i.i.LuceneLabelScanStore]: Rebuilding lucene scan store, this may take a while
2015-04-10 08:53:17.072+0000 INFO  [o.n.k.a.i.i.LuceneLabelScanStore]: Lucene scan store rebuilt (roughly -1 nodes)
2015-04-10 08:53:18.661+0000 INFO  [o.n.k.i.DiagnosticsManager]: --- STARTED diagnostics for KernelDiagnostics:Versions START ---
2015-04-10 08:53:18.661+0000 INFO  [o.n.k.i.DiagnosticsManager]: Graph Database: org.neo4j.kernel.EmbeddedGraphDatabase StoreId{creationTime=1428655991560, randomId=7591613200846242839, storeVersion=14969031248344582, upgradeTime=1428655991560, upgradeId=1}
2015-04-10 08:53:18.662+0000 INFO  [o.n.k.i.DiagnosticsManager]: Kernel version: Neo4j Desktop (neo4j-desktop), version: 2.2.0
2015-04-10 08:53:18.662+0000 INFO  [o.n.k.i.DiagnosticsManager]: Neo4j component versions:
2015-04-10 08:53:18.665+0000 INFO  [o.n.k.i.DiagnosticsManager]:   Neo4j Desktop (neo4j-lucene-index), version: 2.2.0; revision: 2.2.0:master:839/5b872e0e68ed041822003b69052c04a50125e471
2015-04-10 08:53:18.666+0000 INFO  [o.n.k.i.DiagnosticsManager]:   Neo4j Desktop (neo4j-cypher-compiler-2.1), version: 2.2.0; revision: 2.1.6:2.1-maint:605/0d7f25fc608f15c54ec1a01f4ba4564ebfb1071a
2015-04-10 08:53:18.666+0000 INFO  [o.n.k.i.DiagnosticsManager]:   Neo4j Desktop (neo4j-import-tool), version: 2.2.0; revision: 2.2.0:master:839/5b872e0e68ed041822003b69052c04a50125e471
2015-04-10 08:53:18.666+0000 INFO  [o.n.k.i.DiagnosticsManager]:   Neo4j Desktop (neo4j-cypher-compiler-2.2), version: 2.2.0; revision: 2.2.0:master:839/5b872e0e68ed041822003b69052c04a50125e471
2015-04-10 08:53:18.666+0000 INFO  [o.n.k.i.DiagnosticsManager]:   Neo4j Desktop (neo4j-graph-algo), version: 2.2.0; revision: 2.2.0:master:839/5b872e0e68ed041822003b69052c04a50125e471
2015-04-10 08:53:18.667+0000 INFO  [o.n.k.i.DiagnosticsManager]:   Neo4j Desktop (neo4j-consistency-check), version: 2.2.0; revision: 2.2.0:master:839/5b872e0e68ed041822003b69052c04a50125e471
2015-04-10 08:53:18.667+0000 INFO  [o.n.k.i.DiagnosticsManager]:   Neo4j Desktop (neo4j-cypher-compiler-2.0), version: 2.2.0; revision: 2.0.4:2.0-maint:130/4a7d10bc274a5d26a180bbe9df25100e8a694748
2015-04-10 08:53:18.667+0000 INFO  [o.n.k.i.DiagnosticsManager]:   Neo4j Desktop (neo4j-cypher-compiler-1.9), version: 2.2.0; revision: 2.0.4:2.0-maint:130/4a7d10bc274a5d26a180bbe9df25100e8a694748
2015-04-10 08:53:18.667+0000 INFO  [o.n.k.i.DiagnosticsManager]:   Neo4j Desktop (neo4j-udc), version: 2.2.0; revision: 2.2.0:master:839/5b872e0e68ed041822003b69052c04a50125e471
2015-04-10 08:53:18.667+0000 INFO  [o.n.k.i.DiagnosticsManager]:   Neo4j Desktop (neo4j-jmx), version: 2.2.0; revision: 2.2.0:master:839/5b872e0e68ed041822003b69052c04a50125e471
2015-04-10 08:53:18.667+0000 INFO  [o.n.k.i.DiagnosticsManager]:   Neo4j Desktop (neo4j-graph-matching), version: 2.2.0; revision: 2.2.0:master:839/5b872e0e68ed041822003b69052c04a50125e471
2015-04-10 08:53:18.667+0000 INFO  [o.n.k.i.DiagnosticsManager]:   Neo4j Desktop (server-api), version: 2.2.0; revision: 2.2.0:master:839/5b872e0e68ed041822003b69052c04a50125e471
2015-04-10 08:53:18.668+0000 INFO  [o.n.k.i.DiagnosticsManager]:   Neo4j Desktop (neo4j-desktop), version: 2.2.0; revision: 2.2.0:master:839/5b872e0e68ed041822003b69052c04a50125e471
2015-04-10 08:53:18.668+0000 INFO  [o.n.k.i.DiagnosticsManager]:   Neo4j Desktop (neo4j-cypher), version: 2.2.0; revision: 2.2.0:master:839/5b872e0e68ed041822003b69052c04a50125e471
2015-04-10 08:53:18.668+0000 INFO  [o.n.k.i.DiagnosticsManager]:   Neo4j Desktop (neo4j-server), version: 2.2.0; revision: 2.2.0:master:839/5b872e0e68ed041822003b69052c04a50125e471
2015-04-10 08:53:18.668+0000 INFO  [o.n.k.i.DiagnosticsManager]:   Neo4j Desktop (neo4j-shell), version: 2.2.0; revision: 2.2.0:master:839/5b872e0e68ed041822003b69052c04a50125e471
2015-04-10 08:53:18.668+0000 INFO  [o.n.k.i.DiagnosticsManager]: --- STARTED diagnostics for KernelDiagnostics:Versions END ---
2015-04-10 08:53:18.673+0000 INFO  [o.n.k.i.DiagnosticsManager]: --- STARTED diagnostics for NEO_STORE_VERSIONS START ---
2015-04-10 08:53:18.674+0000 INFO  [o.n.k.i.DiagnosticsManager]: Store versions:
2015-04-10 08:53:18.675+0000 INFO  [o.n.k.i.DiagnosticsManager]: Store versions:
2015-04-10 08:53:18.675+0000 INFO  [o.n.k.i.DiagnosticsManager]:   NeoStore v0.A.5
2015-04-10 08:53:18.675+0000 INFO  [o.n.k.i.DiagnosticsManager]:   SchemaStore v0.A.5
2015-04-10 08:53:18.675+0000 INFO  [o.n.k.i.DiagnosticsManager]:   NodeStore v0.A.5
2015-04-10 08:53:18.676+0000 INFO  [o.n.k.i.DiagnosticsManager]:   RelationshipStore v0.A.5
2015-04-10 08:53:18.676+0000 INFO  [o.n.k.i.DiagnosticsManager]:   RelationshipTypeStore v0.A.5
2015-04-10 08:53:18.676+0000 INFO  [o.n.k.i.DiagnosticsManager]:   LabelTokenStore v0.A.5
2015-04-10 08:53:18.676+0000 INFO  [o.n.k.i.DiagnosticsManager]:   PropertyStore v0.A.5
2015-04-10 08:53:18.676+0000 INFO  [o.n.k.i.DiagnosticsManager]:   PropertyIndexStore v0.A.5
2015-04-10 08:53:18.677+0000 INFO  [o.n.k.i.DiagnosticsManager]:   StringPropertyStore v0.A.5
2015-04-10 08:53:18.677+0000 INFO  [o.n.k.i.DiagnosticsManager]:   ArrayPropertyStore v0.A.5
2015-04-10 08:53:18.677+0000 INFO  [o.n.k.i.DiagnosticsManager]:   RelationshipGroupStore v0.A.5
2015-04-10 08:53:18.677+0000 INFO  [o.n.k.i.DiagnosticsManager]: --- STARTED diagnostics for NEO_STORE_VERSIONS END ---
2015-04-10 08:53:18.677+0000 INFO  [o.n.k.i.DiagnosticsManager]: --- STARTED diagnostics for NEO_STORE_ID_USAGE START ---
2015-04-10 08:53:18.677+0000 INFO  [o.n.k.i.DiagnosticsManager]: Id usage:
2015-04-10 08:53:18.678+0000 INFO  [o.n.k.i.DiagnosticsManager]: Id usage:
2015-04-10 08:53:18.678+0000 INFO  [o.n.k.i.DiagnosticsManager]:   SchemaStore: used=1 high=0
2015-04-10 08:53:18.679+0000 INFO  [o.n.k.i.DiagnosticsManager]:   NodeStore: used=0 high=-1
2015-04-10 08:53:18.679+0000 INFO  [o.n.k.i.DiagnosticsManager]:   RelationshipStore: used=0 high=-1
2015-04-10 08:53:18.679+0000 INFO  [o.n.k.i.DiagnosticsManager]:   RelationshipTypeStore: used=0 high=-1
2015-04-10 08:53:18.680+0000 INFO  [o.n.k.i.DiagnosticsManager]:   LabelTokenStore: used=0 high=-1
2015-04-10 08:53:18.680+0000 INFO  [o.n.k.i.DiagnosticsManager]:   PropertyStore: used=0 high=-1
2015-04-10 08:53:18.681+0000 INFO  [o.n.k.i.DiagnosticsManager]:   PropertyIndexStore: used=0 high=-1
2015-04-10 08:53:18.681+0000 INFO  [o.n.k.i.DiagnosticsManager]:   StringPropertyStore: used=1 high=0
2015-04-10 08:53:18.681+0000 INFO  [o.n.k.i.DiagnosticsManager]:   ArrayPropertyStore: used=1 high=0
2015-04-10 08:53:18.682+0000 INFO  [o.n.k.i.DiagnosticsManager]:   RelationshipGroupStore: used=1 high=0
2015-04-10 08:53:18.682+0000 INFO  [o.n.k.i.DiagnosticsManager]: --- STARTED diagnostics for NEO_STORE_ID_USAGE END ---
2015-04-10 08:53:18.683+0000 INFO  [o.n.k.i.DiagnosticsManager]: --- STARTED diagnostics for KernelDiagnostics:StoreFiles START ---
2015-04-10 08:53:18.687+0000 INFO  [o.n.k.i.DiagnosticsManager]: Disk space on partition (Total / Free / Free %): 523920994304 / 190530662400 / 36
Storage files: (filename : modification date - size)
2015-04-10 08:53:18.690+0000 INFO  [o.n.k.i.DiagnosticsManager]:   index:
2015-04-10 08:53:18.691+0000 INFO  [o.n.k.i.DiagnosticsManager]:   - Total: 2015-04-10T10:53:11+0200 - 0,00 B
2015-04-10 08:53:18.692+0000 INFO  [o.n.k.i.DiagnosticsManager]:   lock: 2015-04-10T10:53:11+0200 - 0,00 B
2015-04-10 08:53:18.703+0000 INFO  [o.n.k.i.DiagnosticsManager]:   messages.log: 2015-04-10T10:53:17+0200 - 25,60 kB
2015-04-10 08:53:18.704+0000 INFO  [o.n.k.i.DiagnosticsManager]:   neo4j.properties: 2015-04-10T10:53:10+0200 - 1,76 kB
2015-04-10 08:53:18.705+0000 INFO  [o.n.k.i.DiagnosticsManager]:   neostore: 2015-04-10T10:53:16+0200 - 99,00 B
2015-04-10 08:53:18.706+0000 INFO  [o.n.k.i.DiagnosticsManager]:   neostore.counts.db.a: 2015-04-10T10:53:17+0200 - 114,00 B
2015-04-10 08:53:18.707+0000 INFO  [o.n.k.i.DiagnosticsManager]:   neostore.id: 2015-04-10T10:53:16+0200 - 9,00 B
2015-04-10 08:53:18.708+0000 INFO  [o.n.k.i.DiagnosticsManager]:   neostore.labeltokenstore.db: 2015-04-10T10:53:16+0200 - 0,00 B
2015-04-10 08:53:18.709+0000 INFO  [o.n.k.i.DiagnosticsManager]:   neostore.labeltokenstore.db.id: 2015-04-10T10:53:14+0200 - 9,00 B
2015-04-10 08:53:18.711+0000 INFO  [o.n.k.i.DiagnosticsManager]:   neostore.labeltokenstore.db.names: 2015-04-10T10:53:16+0200 - 38,00 B
2015-04-10 08:53:18.712+0000 INFO  [o.n.k.i.DiagnosticsManager]:   neostore.labeltokenstore.db.names.id: 2015-04-10T10:53:14+0200 - 9,00 B
2015-04-10 08:53:18.713+0000 INFO  [o.n.k.i.DiagnosticsManager]:   neostore.nodestore.db: 2015-04-10T10:53:16+0200 - 0,00 B
2015-04-10 08:53:18.714+0000 INFO  [o.n.k.i.DiagnosticsManager]:   neostore.nodestore.db.id: 2015-04-10T10:53:16+0200 - 9,00 B
2015-04-10 08:53:18.715+0000 INFO  [o.n.k.i.DiagnosticsManager]:   neostore.nodestore.db.labels: 2015-04-10T10:53:16+0200 - 68,00 B
2015-04-10 08:53:18.716+0000 INFO  [o.n.k.i.DiagnosticsManager]:   neostore.nodestore.db.labels.id: 2015-04-10T10:53:15+0200 - 9,00 B
2015-04-10 08:53:18.718+0000 INFO  [o.n.k.i.DiagnosticsManager]:   neostore.propertystore.db: 2015-04-10T10:53:16+0200 - 0,00 B
2015-04-10 08:53:18.719+0000 INFO  [o.n.k.i.DiagnosticsManager]:   neostore.propertystore.db.arrays: 2015-04-10T10:53:16+0200 - 128,00 B
2015-04-10 08:53:18.720+0000 INFO  [o.n.k.i.DiagnosticsManager]:   neostore.propertystore.db.arrays.id: 2015-04-10T10:53:15+0200 - 9,00 B
2015-04-10 08:53:18.720+0000 INFO  [o.n.k.i.DiagnosticsManager]:   neostore.propertystore.db.id: 2015-04-10T10:53:15+0200 - 9,00 B
2015-04-10 08:53:18.721+0000 INFO  [o.n.k.i.DiagnosticsManager]:   neostore.propertystore.db.index: 2015-04-10T10:53:16+0200 - 0,00 B
2015-04-10 08:53:18.721+0000 INFO  [o.n.k.i.DiagnosticsManager]:   neostore.propertystore.db.index.id: 2015-04-10T10:53:15+0200 - 9,00 B
2015-04-10 08:53:18.722+0000 INFO  [o.n.k.i.DiagnosticsManager]:   neostore.propertystore.db.index.keys: 2015-04-10T10:53:16+0200 - 38,00 B
2015-04-10 08:53:18.722+0000 INFO  [o.n.k.i.DiagnosticsManager]:   neostore.propertystore.db.index.keys.id: 2015-04-10T10:53:15+0200 - 9,00 B
2015-04-10 08:53:18.723+0000 INFO  [o.n.k.i.DiagnosticsManager]:   neostore.propertystore.db.strings: 2015-04-10T10:53:16+0200 - 128,00 B
2015-04-10 08:53:18.724+0000 INFO  [o.n.k.i.DiagnosticsManager]:   neostore.propertystore.db.strings.id: 2015-04-10T10:53:15+0200 - 9,00 B
2015-04-10 08:53:18.724+0000 INFO  [o.n.k.i.DiagnosticsManager]:   neostore.relationshipgroupstore.db: 2015-04-10T10:53:16+0200 - 25,00 B
2015-04-10 08:53:18.725+0000 INFO  [o.n.k.i.DiagnosticsManager]:   neostore.relationshipgroupstore.db.id: 2015-04-10T10:53:16+0200 - 9,00 B
2015-04-10 08:53:18.726+0000 INFO  [o.n.k.i.DiagnosticsManager]:   neostore.relationshipstore.db: 2015-04-10T10:53:16+0200 - 0,00 B
2015-04-10 08:53:18.726+0000 INFO  [o.n.k.i.DiagnosticsManager]:   neostore.relationshipstore.db.id: 2015-04-10T10:53:15+0200 - 9,00 B
2015-04-10 08:53:18.727+0000 INFO  [o.n.k.i.DiagnosticsManager]:   neostore.relationshiptypestore.db: 2015-04-10T10:53:16+0200 - 0,00 B
2015-04-10 08:53:18.728+0000 INFO  [o.n.k.i.DiagnosticsManager]:   neostore.relationshiptypestore.db.id: 2015-04-10T10:53:14+0200 - 9,00 B
2015-04-10 08:53:18.728+0000 INFO  [o.n.k.i.DiagnosticsManager]:   neostore.relationshiptypestore.db.names: 2015-04-10T10:53:16+0200 - 38,00 B
2015-04-10 08:53:18.729+0000 INFO  [o.n.k.i.DiagnosticsManager]:   neostore.relationshiptypestore.db.names.id: 2015-04-10T10:53:14+0200 - 9,00 B
2015-04-10 08:53:18.730+0000 INFO  [o.n.k.i.DiagnosticsManager]:   neostore.schemastore.db: 2015-04-10T10:53:16+0200 - 64,00 B
2015-04-10 08:53:18.731+0000 INFO  [o.n.k.i.DiagnosticsManager]:   neostore.schemastore.db.id: 2015-04-10T10:53:16+0200 - 9,00 B
2015-04-10 08:53:18.731+0000 INFO  [o.n.k.i.DiagnosticsManager]:   neostore.transaction.db.0: 2015-04-10T10:53:16+0200 - 16,00 B
2015-04-10 08:53:18.731+0000 INFO  [o.n.k.i.DiagnosticsManager]:   schema:
2015-04-10 08:53:18.732+0000 INFO  [o.n.k.i.DiagnosticsManager]:     label:
2015-04-10 08:53:18.732+0000 INFO  [o.n.k.i.DiagnosticsManager]:       lucene:
2015-04-10 08:53:18.732+0000 INFO  [o.n.k.i.DiagnosticsManager]:         write.lock: 2015-04-10T10:53:16+0200 - 0,00 B
2015-04-10 08:53:18.733+0000 INFO  [o.n.k.i.DiagnosticsManager]:       - Total: 2015-04-10T10:53:16+0200 - 0,00 B
2015-04-10 08:53:18.733+0000 INFO  [o.n.k.i.DiagnosticsManager]:     - Total: 2015-04-10T10:53:16+0200 - 0,00 B
2015-04-10 08:53:18.733+0000 INFO  [o.n.k.i.DiagnosticsManager]:   - Total: 2015-04-10T10:53:16+0200 - 0,00 B
2015-04-10 08:53:18.734+0000 INFO  [o.n.k.i.DiagnosticsManager]:   store_lock: 2015-04-10T10:53:11+0200 - 0,00 B
2015-04-10 08:53:18.734+0000 INFO  [o.n.k.i.DiagnosticsManager]: --- STARTED diagnostics for KernelDiagnostics:StoreFiles END ---
2015-04-10 08:53:18.791+0000 INFO  [o.n.k.EmbeddedGraphDatabase]: Database is now ready
2015-04-10 08:53:18.791+0000 INFO  [o.n.s.d.LifecycleManagingDatabase]: Successfully started database
2015-04-10 08:53:18.803+0000 INFO  [o.n.k.i.DiagnosticsManager]: --- SERVER STARTED START ---
2015-04-10 08:53:18.848+0000 INFO  [o.n.s.CommunityNeoServer]: Starting HTTP on port :7474 with 8 threads available
2015-04-10 08:53:19.048+0000 INFO  [o.n.s.w.Jetty9WebServer]: Mounting static content at [/webadmin] from [webadmin-html]
2015-04-10 08:53:19.069+0000 INFO  [o.n.s.w.Jetty9WebServer]: Mounting static content at [/browser] from [browser]
2015-04-10 08:53:19.824+0000 INFO  [o.n.s.CommunityNeoServer]: Server started on: http://localhost:7474/
2015-04-10 08:53:19.824+0000 INFO  [o.n.s.CommunityNeoServer]: Remote interface ready and available at [http://localhost:7474/]
2015-04-10 08:53:19.824+0000 INFO  [o.n.k.i.DiagnosticsManager]: --- SERVER STARTED END ---
2015-04-10 08:53:30.943+0000 INFO  [o.n.s.m.AuthorizationModule]: Failed authentication attempt for 'neo4j' from 127.0.0.1
2015-04-10 08:53:30.944+0000 INFO  [o.n.s.m.AuthorizationModule]: Failed authentication attempt for 'neo4j' from 127.0.0.1
2015-04-10 08:53:30.946+0000 INFO  [o.n.s.m.AuthorizationModule]: Failed authentication attempt for 'neo4j' from 127.0.0.1
2015-04-10 08:58:34.848+0000 INFO  [o.n.s.CommunityNeoServer]: Successfully shutdown Neo4j Server.
2015-04-10 08:58:34.848+0000 INFO  [o.n.k.EmbeddedGraphDatabase]: Shutdown started
2015-04-10 08:58:34.848+0000 INFO  [o.n.k.EmbeddedGraphDatabase]: Database is now unavailable
2015-04-10 08:58:34.926+0000 INFO  [o.n.k.i.s.StoreFactory]: About to rotate counts store at transaction 14 to [C:\Users\Sergio\Desktop\DC\neostore.counts.db.b], from [C:\Users\Sergio\Desktop\DC\neostore.counts.db.a].
2015-04-10 08:58:34.926+0000 INFO  [o.n.k.i.s.StoreFactory]: Successfully rotated counts store at transaction 14 to [C:\Users\Sergio\Desktop\DC\neostore.counts.db.b], from [C:\Users\Sergio\Desktop\DC\neostore.counts.db.a].
2015-04-10 08:58:37.415+0000 INFO  [o.n.k.NeoStoreDataSource]: NeoStore closed
2015-04-10 08:58:37.415+0000 INFO  [o.n.k.i.DiagnosticsManager]: --- STOPPING diagnostics START ---
2015-04-10 08:58:37.415+0000 INFO  [o.n.k.i.DiagnosticsManager]: --- STOPPING diagnostics END ---
2015-04-10 08:58:37.415+0000 INFO  [o.n.s.d.LifecycleManagingDatabase]: Successfully stopped database
2015-04-10 08:58:37.415+0000 INFO  [o.n.s.CommunityNeoServer]: Successfully shutdown database.
